\BOOKMARK [1][-]{section.1}{\376\377\000I\000n\000t\000r\000o\000d\000u\000c\000t\000i\000o\000n\000\040\000a\000n\000d\000\040\000M\000o\000t\000i\000v\000a\000t\000i\000o\000n}{}% 1
\BOOKMARK [1][-]{section.2}{\376\377\000L\000i\000t\000e\000r\000a\000t\000u\000r\000e\000\040\000R\000e\000v\000i\000e\000w}{}% 2
\BOOKMARK [2][-]{subsection.2.1}{\376\377\000H\000.\000M\000.\000\040\000A\000b\000d\000u\000l\000\040\000A\000z\000i\000z\000,\000\040\000S\000a\000t\000i\000s\000h\000\040\000V\000.\000\040\000U\000k\000k\000u\000s\000u\000r\000i\000,\000\040\000a\000n\000d\000\040\000S\000a\000m\000i\000u\000l\000\040\000H\000a\000s\000a\000n\000\040\000\050\0002\0000\0001\0003\000\051}{section.2}% 3
\BOOKMARK [2][-]{subsection.2.2}{\376\377\000L\000i\000r\000a\000n\000\040\000E\000i\000n\000a\000v\000,\000\040\000A\000m\000y\000\040\000F\000i\000n\000k\000e\000l\000s\000t\000e\000i\000n\000,\000\040\000a\000n\000d\000\040\000J\000o\000n\000a\000t\000h\000a\000n\000\040\000L\000e\000v\000i\000n\000\040\000\050\0002\0000\0002\0002\000\051}{section.2}% 4
\BOOKMARK [2][-]{subsection.2.3}{\376\377\000M\000d\000.\000\040\000A\000s\000i\000f\000\040\000K\000h\000a\000n\000\040\000R\000i\000f\000a\000t\000,\000\040\000A\000h\000m\000e\000d\000u\000l\000\040\000K\000a\000b\000i\000r\000,\000\040\000a\000n\000d\000\040\000A\000r\000m\000a\000n\000a\000\040\000S\000a\000b\000i\000h\000a\000\040\000H\000u\000q\000\040\000\050\0002\0000\0002\0004\000\051}{section.2}% 5
\BOOKMARK [2][-]{subsection.2.4}{\376\377\000K\000e\000n\000n\000y\000\040\000S\000a\000n\000t\000o\000s\000,\000\040\000J\000o\000\343\000o\000\040\000P\000.\000\040\000D\000i\000a\000s\000,\000\040\000a\000n\000d\000\040\000C\000o\000n\000c\000e\000i\000\347\000\343\000o\000\040\000A\000m\000a\000d\000o\000\040\000\050\0002\0000\0002\0001\000\051}{section.2}% 6
\BOOKMARK [2][-]{subsection.2.5}{\376\377\000J\000u\000n\000g\000s\000o\000o\000\040\000L\000e\000e\000,\000\040\000T\000a\000e\000h\000o\000o\000n\000\040\000Y\000o\000o\000n\000,\000\040\000S\000e\000o\000n\000h\000o\000\040\000K\000w\000o\000n\000,\000\040\000a\000n\000d\000\040\000J\000a\000n\000g\000m\000y\000u\000n\000g\000\040\000L\000e\000e\000\040\000\050\0002\0000\0002\0000\000\051}{section.2}% 7
\BOOKMARK [1][-]{section.3}{\376\377\000T\000h\000e\000o\000r\000e\000t\000i\000c\000a\000l\000\040\000F\000r\000a\000m\000e\000w\000o\000r\000k}{}% 8
\BOOKMARK [2][-]{subsection.3.1}{\376\377\000E\000c\000o\000n\000o\000m\000i\000c\000\040\000T\000h\000e\000o\000r\000y}{section.3}% 9
\BOOKMARK [2][-]{subsection.3.2}{\376\377\000R\000e\000v\000e\000r\000s\000e\000\040\000A\000p\000p\000l\000i\000c\000a\000t\000i\000o\000n\000\040\000o\000f\000\040\000D\000i\000s\000c\000r\000e\000t\000e\000\040\000C\000h\000o\000i\000c\000e\000\040\000T\000h\000e\000o\000r\000y}{section.3}% 10
\BOOKMARK [1][-]{section.4}{\376\377\000D\000a\000t\000a\000\040\000P\000r\000e\000p\000a\000r\000a\000t\000i\000o\000n}{}% 11
\BOOKMARK [2][-]{subsection.4.1}{\376\377\000D\000a\000t\000a\000s\000e\000t\000\040\000C\000o\000n\000s\000t\000r\000u\000c\000t\000i\000o\000n}{section.4}% 12
\BOOKMARK [2][-]{subsection.4.2}{\376\377\000F\000i\000n\000a\000l\000\040\000T\000a\000r\000g\000e\000t\000\040\000V\000a\000r\000i\000a\000b\000l\000e\000\040\000D\000e\000f\000i\000n\000i\000t\000i\000o\000n}{section.4}% 13
\BOOKMARK [1][-]{section.5}{\376\377\000D\000a\000t\000a\000\040\000C\000l\000e\000a\000n\000i\000n\000g\000\040\000a\000n\000d\000\040\000P\000r\000e\000p\000r\000o\000c\000e\000s\000s\000i\000n\000g}{}% 14
\BOOKMARK [2][-]{subsection.5.1}{\376\377\000C\000o\000m\000p\000r\000e\000h\000e\000n\000s\000i\000v\000e\000\040\000D\000a\000t\000a\000\040\000C\000l\000e\000a\000n\000i\000n\000g\000\040\000P\000r\000o\000c\000e\000s\000s}{section.5}% 15
\BOOKMARK [1][-]{section.6}{\376\377\000F\000e\000a\000t\000u\000r\000e\000\040\000E\000n\000g\000i\000n\000e\000e\000r\000i\000n\000g\000\040\000a\000n\000d\000\040\000D\000a\000t\000a\000\040\000P\000r\000e\000p\000a\000r\000a\000t\000i\000o\000n}{}% 16
\BOOKMARK [2][-]{subsection.6.1}{\376\377\000C\000o\000m\000p\000r\000e\000h\000e\000n\000s\000i\000v\000e\000\040\000F\000e\000a\000t\000u\000r\000e\000\040\000E\000n\000g\000i\000n\000e\000e\000r\000i\000n\000g\000\040\000P\000r\000o\000c\000e\000s\000s}{section.6}% 17
\BOOKMARK [2][-]{subsection.6.2}{\376\377\000D\000r\000i\000v\000i\000n\000g\000\040\000B\000e\000h\000a\000v\000i\000o\000r\000\040\000G\000r\000o\000u\000p\000\040\000C\000l\000a\000s\000s\000i\000f\000i\000c\000a\000t\000i\000o\000n\000\040\000S\000y\000s\000t\000e\000m}{section.6}% 18
\BOOKMARK [1][-]{section.7}{\376\377\000D\000a\000t\000a\000\040\000Q\000u\000a\000l\000i\000t\000y\000\040\000A\000s\000s\000e\000s\000s\000m\000e\000n\000t\000\040\000a\000n\000d\000\040\000F\000e\000a\000t\000u\000r\000e\000\040\000S\000e\000l\000e\000c\000t\000i\000o\000n}{}% 19
\BOOKMARK [2][-]{subsection.7.1}{\376\377\000I\000r\000r\000e\000l\000e\000v\000a\000n\000t\000\040\000V\000a\000r\000i\000a\000b\000l\000e\000\040\000R\000e\000m\000o\000v\000a\000l}{section.7}% 20
\BOOKMARK [2][-]{subsection.7.2}{\376\377\000F\000e\000a\000t\000u\000r\000e\000\040\000S\000e\000l\000e\000c\000t\000i\000o\000n}{section.7}% 21
\BOOKMARK [1][-]{section.8}{\376\377\000F\000i\000n\000a\000l\000\040\000D\000a\000t\000a\000\040\000S\000t\000r\000u\000c\000t\000u\000r\000e}{}% 22
\BOOKMARK [1][-]{section.9}{\376\377\000M\000o\000d\000e\000l\000i\000n\000g\000\040\000F\000r\000a\000m\000e\000w\000o\000r\000k}{}% 23
\BOOKMARK [2][-]{subsection.9.1}{\376\377\000M\000o\000d\000e\000l\000\040\000A\000r\000c\000h\000i\000t\000e\000c\000t\000u\000r\000e}{section.9}% 24
\BOOKMARK [2][-]{subsection.9.2}{\376\377\000B\000a\000s\000e\000l\000i\000n\000e\000\040\000M\000o\000d\000e\000l\000\040\000R\000e\000s\000u\000l\000t\000s\000\040\000\050\000O\000r\000d\000e\000r\000e\000d\000\040\000L\000o\000g\000i\000t\000\051}{section.9}% 25
\BOOKMARK [3][-]{subsubsection.9.2.1}{\376\377\000T\000h\000e\000o\000r\000y}{subsection.9.2}% 26
\BOOKMARK [3][-]{subsubsection.9.2.2}{\376\377\000I\000n\000s\000i\000g\000h\000t\000s}{subsection.9.2}% 27
\BOOKMARK [1][-]{section.10}{\376\377\000R\000e\000s\000u\000l\000t\000s\000\040\000a\000n\000d\000\040\000A\000n\000a\000l\000y\000s\000i\000s}{}% 28
\BOOKMARK [2][-]{subsection.10.1}{\376\377\000M\000o\000d\000e\000l\000\040\000P\000e\000r\000f\000o\000r\000m\000a\000n\000c\000e\000\040\000C\000o\000m\000p\000a\000r\000i\000s\000o\000n}{section.10}% 29
\BOOKMARK [2][-]{subsection.10.2}{\376\377\000F\000e\000a\000t\000u\000r\000e\000\040\000I\000m\000p\000o\000r\000t\000a\000n\000c\000e\000\040\000A\000n\000a\000l\000y\000s\000i\000s}{section.10}% 30
\BOOKMARK [2][-]{subsection.10.3}{\376\377\000S\000H\000A\000P\000\040\000I\000n\000t\000e\000r\000p\000r\000e\000t\000a\000b\000i\000l\000i\000t\000y\000\040\000A\000n\000a\000l\000y\000s\000i\000s}{section.10}% 31
\BOOKMARK [3][-]{subsubsection.10.3.1}{\376\377\000F\000a\000t\000a\000l\000\040\000C\000r\000a\000s\000h\000\040\000R\000i\000s\000k\000\040\000D\000r\000i\000v\000e\000r\000s}{subsection.10.3}% 32
\BOOKMARK [3][-]{subsubsection.10.3.2}{\376\377\000S\000e\000v\000e\000r\000e\000\040\000C\000r\000a\000s\000h\000\040\000R\000i\000s\000k\000\040\000D\000r\000i\000v\000e\000r\000s}{subsection.10.3}% 33
\BOOKMARK [3][-]{subsubsection.10.3.3}{\376\377\000A\000g\000e\000-\000S\000p\000e\000c\000i\000f\000i\000c\000\040\000R\000i\000s\000k\000\040\000P\000a\000t\000t\000e\000r\000n\000s}{subsection.10.3}% 34
\BOOKMARK [3][-]{subsubsection.10.3.4}{\376\377\000V\000e\000h\000i\000c\000l\000e\000\040\000Y\000e\000a\000r\000\040\000R\000i\000s\000k\000\040\000P\000a\000t\000t\000e\000r\000n\000s}{subsection.10.3}% 35
\BOOKMARK [1][-]{section.11}{\376\377\000I\000n\000s\000u\000r\000a\000n\000c\000e\000\040\000I\000n\000d\000u\000s\000t\000r\000y\000\040\000A\000p\000p\000l\000i\000c\000a\000t\000i\000o\000n\000s}{}% 36
\BOOKMARK [1][-]{section.12}{\376\377\000P\000u\000b\000l\000i\000c\000\040\000S\000a\000f\000e\000t\000y\000\040\000a\000n\000d\000\040\000P\000o\000l\000i\000c\000y\000\040\000A\000p\000p\000l\000i\000c\000a\000t\000i\000o\000n\000s}{}% 37
\BOOKMARK [1][-]{section.13}{\376\377\000M\000o\000d\000e\000l\000\040\000L\000i\000m\000i\000t\000a\000t\000i\000o\000n\000s\000\040\000a\000n\000d\000\040\000F\000u\000t\000u\000r\000e\000\040\000R\000e\000s\000e\000a\000r\000c\000h}{}% 38
\BOOKMARK [2][-]{subsection.13.1}{\376\377\000C\000u\000r\000r\000e\000n\000t\000\040\000L\000i\000m\000i\000t\000a\000t\000i\000o\000n\000s}{section.13}% 39
\BOOKMARK [2][-]{subsection.13.2}{\376\377\000F\000u\000t\000u\000r\000e\000\040\000R\000e\000s\000e\000a\000r\000c\000h\000\040\000D\000i\000r\000e\000c\000t\000i\000o\000n\000s}{section.13}% 40
\BOOKMARK [1][-]{section.14}{\376\377\000C\000o\000n\000c\000l\000u\000s\000i\000o\000n}{}% 41
\BOOKMARK [1][-]{section.15}{\376\377\000A\000c\000k\000n\000o\000w\000l\000e\000d\000g\000e\000m\000e\000n\000t\000s}{}% 42
\BOOKMARK [1][-]{section.16}{\376\377\000A\000p\000p\000e\000n\000d\000i\000x}{}% 43
